=== Bot Session Started: 2026-01-28 23:47:12 ===
[2026-01-28 23:47:13] [STEP] 🚀 STEP: LOGIN - STARTED
[2026-01-28 23:47:16] [INFO] ℹ️ Entered login ID: flipkart20@husan.shop
[2026-01-28 23:47:17] [INFO] ℹ️ Waiting for Flipkart OTP via email...
[2026-01-28 23:47:18] [INFO] ℹ️ OTP not received yet (attempt 1/14), retrying...
[2026-01-28 23:47:31] [INFO] ℹ️ OTP not received yet (attempt 2/14), retrying...
[2026-01-28 23:47:35] [INFO] ℹ️ OTP not received yet (attempt 3/14), retrying...
[2026-01-28 23:47:40] [INFO] ℹ️ OTP not received yet (attempt 4/14), retrying...
[2026-01-28 23:47:43] [INFO] ℹ️ OTP not received yet (attempt 5/14), retrying...
[2026-01-28 23:47:46] [SUCCESS] ✅ Got OTP: 975742
[2026-01-28 23:47:47] [STEP] ✅ STEP: LOGIN - SUCCESS
[2026-01-28 23:47:48] [STEP] 🚀 STEP: ADDRESS - STARTED
[2026-01-28 23:47:48] [INFO] ℹ️ Navigating to address page...
[2026-01-28 23:48:01] [INFO] ℹ️ Dismissed cancel button if present
[2026-01-28 23:48:01] [INFO] ℹ️ Filling name: mana ji
[2026-01-28 23:48:01] [INFO] ℹ️ Filling phone: 9842086983
[2026-01-28 23:48:01] [INFO] ℹ️ Filling pincode: 636002
[2026-01-28 23:48:01] [INFO] ℹ️ Filling address line 1: baazar street
[2026-01-28 23:48:02] [INFO] ℹ️ Filling address line 2: vkm complex shevapet 
[2026-01-28 23:48:04] [INFO] ℹ️ Clicking Save Address button...
[2026-01-28 23:48:06] [STEP] ✅ STEP: ADDRESS - SUCCESS
[2026-01-28 23:48:07] [STEP] 🚀 STEP: CLEAR_CART - STARTED
[2026-01-28 23:48:07] [INFO] ℹ️ Navigating to cart page...
[2026-01-28 23:48:18] [INFO] ℹ️ Cart is already empty
[2026-01-28 23:48:18] [STEP] ✅ STEP: CLEAR_CART - SUCCESS
[2026-01-28 23:48:18] [STEP] 🚀 STEP: ADD_PRODUCTS - STARTED
[2026-01-28 23:48:18] [INFO] ℹ️ Adding 1 product(s) to cart...
[2026-01-28 23:48:18] [INFO] ℹ️ 
[PRODUCT 1/1]
[2026-01-28 23:48:18] [INFO] ℹ️ Adding product: https://fktr.in/nu8fHi7 | Desired Qty: 1
[2026-01-28 23:48:21] [INFO] ℹ️ Product Name: CINTHOL Original Soap. (4 x 150 g)
[2026-01-28 23:48:21] [INFO] ℹ️ Clicking Add button...
[2026-01-28 23:48:23] [INFO] ℹ️ Add button clicked successfully
[2026-01-28 23:48:23] [INFO] ℹ️ Quantity OK: 1/1
[2026-01-28 23:48:23] [SUCCESS] ✅ FINAL QUANTITY: 1/1 - SUCCESS
[2026-01-28 23:48:25] [INFO] ℹ️ All products added, navigating to cart...
[2026-01-28 23:48:25] [INFO] ℹ️ Clicking basket icon...
[2026-01-28 23:48:25] [INFO] ℹ️ Basket icon clicked successfully
[2026-01-28 23:48:27] [STEP] ✅ STEP: ADD_PRODUCTS - SUCCESS
[2026-01-28 23:48:27] [STEP] 🚀 STEP: CHECKOUT - STARTED
[2026-01-28 23:48:27] [INFO] ℹ️ Skipping back to cart (no coupon filled).
[2026-01-28 23:48:30] [INFO] ℹ️ CONTINUE clicked
[2026-01-28 23:48:32] [INFO] ℹ️ Second Continue clicked
[2026-01-28 23:48:33] [INFO] ℹ️ Price validation: 250 (max: 1300)
[2026-01-28 23:48:34] [INFO] ℹ️ COD selected
[2026-01-28 23:48:37] [INFO] ℹ️ Place Order clicked
[2026-01-28 23:48:41] [INFO] ℹ️ Confirm order clicked
[2026-01-28 23:49:21] [ERROR] ❌ Element not found (xpaths tried: 4)
[2026-01-28 23:49:21] [FATAL] 💀 FATAL: ORDER_ID_EXTRACTION_FAILED → STOPPING BOT IMMEDIATELY
[2026-01-28 23:49:21] [FATAL] ============================================================
[2026-01-28 23:49:21] [FATAL] Screenshot saved: screenshots/ORDER_ID_EXTRACTION_FAILED_1769624361.png
[2026-01-28 23:49:25] [FATAL] Screenshot URL: https://i.ibb.co/7x8nTfyk/ORDER-ID-EXTRACTION-FAILED-1769624361.png
[2026-01-28 23:49:27] [FATAL] Browser closed
[2026-01-28 23:49:27] [WARNING] ⚠️ Orders page is open but order ID extraction failed. Marking as success.
[2026-01-28 23:49:27] [ERROR] ❌ Could not capture/upload screenshot: 'NoneType' object has no attribute 'save_screenshot'
[2026-01-28 23:49:27] [STEP] ✅ STEP: CHECKOUT - SUCCESS
